  enemy.cpp
  room.cpp
c:\users\sam\googledrive\documents\programming\bulletbash\bulletbash\room.cpp(12): warning C4244: 'argument': conversion from 'int' to 'T', possible loss of data
          with
          [
              T=float
          ]
c:\users\sam\googledrive\documents\programming\bulletbash\bulletbash\room.cpp(25): warning C4244: 'argument': conversion from 'int' to 'float', possible loss of data
c:\users\sam\googledrive\documents\programming\bulletbash\bulletbash\room.cpp(26): warning C4244: 'argument': conversion from 'int' to 'float', possible loss of data
c:\users\sam\googledrive\documents\programming\bulletbash\bulletbash\room.cpp(30): warning C4244: 'argument': conversion from 'int' to 'float', possible loss of data
c:\users\sam\googledrive\documents\programming\bulletbash\bulletbash\room.cpp(31): warning C4244: 'argument': conversion from 'int' to 'float', possible loss of data
c:\users\sam\googledrive\documents\programming\bulletbash\bulletbash\room.cpp(124): warning C4244: 'argument': conversion from 'int' to 'T', possible loss of data
          with
          [
              T=float
          ]
c:\users\sam\googledrive\documents\programming\bulletbash\bulletbash\room.cpp(136): warning C4244: 'argument': conversion from 'int' to 'T', possible loss of data
          with
          [
              T=float
          ]
c:\users\sam\googledrive\documents\programming\bulletbash\bulletbash\room.cpp(148): warning C4244: 'initializing': conversion from 'T' to 'int', possible loss of data
          with
          [
              T=float
          ]
c:\users\sam\googledrive\documents\programming\bulletbash\bulletbash\room.cpp(149): warning C4244: 'initializing': conversion from 'T' to 'int', possible loss of data
          with
          [
              T=float
          ]
c:\users\sam\googledrive\documents\programming\bulletbash\bulletbash\room.cpp(178): warning C4244: 'initializing': conversion from 'T' to 'int', possible loss of data
          with
          [
              T=float
          ]
c:\users\sam\googledrive\documents\programming\bulletbash\bulletbash\room.cpp(179): warning C4244: 'initializing': conversion from 'T' to 'int', possible loss of data
          with
          [
              T=float
          ]
c:\users\sam\googledrive\documents\programming\bulletbash\bulletbash\room.cpp(183): warning C4838: conversion from 'double' to 'float' requires a narrowing conversion
c:\users\sam\googledrive\documents\programming\bulletbash\bulletbash\room.cpp(183): warning C4244: 'initializing': conversion from 'double' to 'float', possible loss of data
c:\users\sam\googledrive\documents\programming\bulletbash\bulletbash\room.cpp(186): warning C4305: 'argument': truncation from 'int' to 'const _Ty'
          with
          [
              _Ty=float
          ]
c:\users\sam\googledrive\documents\programming\bulletbash\bulletbash\room.cpp(199): warning C4838: conversion from 'double' to 'float' requires a narrowing conversion
c:\users\sam\googledrive\documents\programming\bulletbash\bulletbash\room.cpp(199): warning C4244: 'initializing': conversion from 'double' to 'float', possible loss of data
c:\users\sam\googledrive\documents\programming\bulletbash\bulletbash\room.cpp(279): warning C4244: '=': conversion from 'int' to 'T', possible loss of data
          with
          [
              T=float
          ]
c:\users\sam\googledrive\documents\programming\bulletbash\bulletbash\room.cpp(283): warning C4244: '=': conversion from 'int' to 'T', possible loss of data
          with
          [
              T=float
          ]
c:\users\sam\googledrive\documents\programming\bulletbash\bulletbash\room.cpp(284): warning C4244: '=': conversion from 'int' to 'T', possible loss of data
          with
          [
              T=float
          ]
c:\users\sam\googledrive\documents\programming\bulletbash\bulletbash\room.cpp(287): warning C4244: '=': conversion from 'int' to 'T', possible loss of data
          with
          [
              T=float
          ]
c:\users\sam\googledrive\documents\programming\bulletbash\bulletbash\room.cpp(288): warning C4244: '=': conversion from 'int' to 'T', possible loss of data
          with
          [
              T=float
          ]
c:\users\sam\googledrive\documents\programming\bulletbash\bulletbash\room.cpp(292): warning C4244: '=': conversion from 'int' to 'T', possible loss of data
          with
          [
              T=float
          ]
c:\users\sam\googledrive\documents\programming\bulletbash\bulletbash\room.cpp(325): warning C4244: 'initializing': conversion from 'int' to 'float', possible loss of data
c:\users\sam\googledrive\documents\programming\bulletbash\bulletbash\room.cpp(326): warning C4244: 'initializing': conversion from 'int' to 'float', possible loss of data
c:\users\sam\googledrive\documents\programming\bulletbash\bulletbash\room.cpp(331): warning C4244: 'initializing': conversion from 'int' to 'float', possible loss of data
c:\users\sam\googledrive\documents\programming\bulletbash\bulletbash\room.cpp(332): warning C4244: 'initializing': conversion from 'int' to 'float', possible loss of data
  Generating Code...
  BulletBash.vcxproj -> C:\Users\Sam\GoogleDrive\Documents\Programming\BulletBash\x64\Debug\BulletBash.exe
